[
    {
        "type": "message",
        "subtype": "file_share",
        "text": "<@U0UGH3X7X|tuand> uploaded a file: <https:\/\/hyperledgerproject.slack.com\/files\/tuand\/F1VQ0MWEB\/-.txt|Untitled> and commented: I'm trying to set up the SDK in my vagrant and am getting this error when doing `npm install` ?",
        "file": {
            "id": "F1VQ0MWEB",
            "created": 1469651356,
            "timestamp": 1469651356,
            "name": "-.txt",
            "title": "Untitled",
            "mimetype": "text\/plain",
            "filetype": "text",
            "pretty_type": "Plain Text",
            "user": "U0UGH3X7X",
            "editable": true,
            "size": 867,
            "mode": "snippet",
            "is_external": false,
            "external_type": "",
            "is_public": true,
            "public_url_shared": false,
            "display_as_bot": false,
            "username": "",
            "url_private": "https:\/\/files.slack.com\/files-pri\/T0J024XGA-F1VQ0MWEB\/-.txt?t=xoxe-18002167554-139099126023-137701436192-e599afc92e",
            "url_private_download": "https:\/\/files.slack.com\/files-pri\/T0J024XGA-F1VQ0MWEB\/download\/-.txt?t=xoxe-18002167554-139099126023-137701436192-e599afc92e",
            "permalink": "https:\/\/hyperledgerproject.slack.com\/files\/tuand\/F1VQ0MWEB\/-.txt",
            "permalink_public": "https:\/\/slack-files.com\/T0J024XGA-F1VQ0MWEB-4c11247eab",
            "edit_link": "https:\/\/hyperledgerproject.slack.com\/files\/tuand\/F1VQ0MWEB\/-.txt\/edit",
            "preview": "vagrant@hyperledger-devenv:v0.0.10-0716064:\/opt\/gopath\/src\/github.com\/hyperledger\/fabric\/sdk\/node$ npm install\r\nnpm WARN package.json hfc@0.0.2 No repository field.\r\nnpm WARN package.json hfc@0.0.2 No license field.\r\nnpm ERR! Linux 3.13.0-86-generic\r\nnpm ERR! argv \"\/usr\/local\/bin\/node\" \"\/usr\/local\/bin\/npm\" \"install\"\r",
            "preview_highlight": "<div class=\"CodeMirror cm-s-default CodeMirrorServer\" oncopy=\"if(event.clipboardData){event.clipboardData.setData('text\/plain',window.getSelection().toString().replace(\/\\u200b\/g,''));event.preventDefault();event.stopPropagation();}\">\n<div class=\"CodeMirror-code\">\n<div><pre>vagrant@hyperledger-devenv:v0.0.10-0716064:\/opt\/gopath\/src\/github.com\/hyperledger\/fabric\/sdk\/node$ npm install<\/pre><\/div>\n<div><pre>npm WARN package.json hfc@0.0.2 No repository field.<\/pre><\/div>\n<div><pre>npm WARN package.json hfc@0.0.2 No license field.<\/pre><\/div>\n<div><pre>npm ERR! Linux 3.13.0-86-generic<\/pre><\/div>\n<div><pre>npm ERR! argv &quot;\/usr\/local\/bin\/node&quot; &quot;\/usr\/local\/bin\/npm&quot; &quot;install&quot;<\/pre><\/div>\n<div><pre><\/pre><\/div>\n<\/div>\n<\/div>\n",
            "lines": 23,
            "lines_more": 18,
            "preview_is_truncated": false,
            "channels": [
                "C0YQ1NHGD"
            ],
            "groups": [],
            "ims": [],
            "comments_count": 1,
            "initial_comment": {
                "id": "Fc1VPU1JRW",
                "created": 1469651356,
                "timestamp": 1469651356,
                "user": "U0UGH3X7X",
                "is_intro": true,
                "comment": "I'm trying to set up the SDK in my vagrant and am getting this error when doing `npm install` ?",
                "channel": ""
            }
        },
        "user": "U0UGH3X7X",
        "upload": true,
        "display_as_bot": false,
        "username": "<@U0UGH3X7X|tuand>",
        "bot_id": null,
        "ts": "1469651357.000036"
    },
    {
        "type": "message",
        "user": "U0UGH3X7X",
        "text": "i also ran into `clock skew detected` but that was fixed with setting the timezone",
        "ts": "1469651437.000037"
    },
    {
        "type": "message",
        "user": "U0KPFAZNF",
        "text": "<@U0UGH3X7X>: are you on Windows?",
        "ts": "1469660384.000038"
    },
    {
        "type": "message",
        "user": "U0UGH3X7X",
        "text": "Yes. Vagrant on windows7. One of the folks here helped me edit the sdk makefile and run-unit-test.sh so i can at least start the unit tests. Still having problems with loading a package though.",
        "ts": "1469662483.000039"
    },
    {
        "type": "message",
        "user": "U0UGH3X7X",
        "text": "I'll update when i get back to my machine later or tomorrow morning",
        "ts": "1469662527.000040"
    },
    {
        "type": "message",
        "user": "U0KPFAZNF",
        "text": "Ok, I know there are issues with Windows+sdk due to the vagrant shared filesystem ",
        "ts": "1469665691.000041"
    }
]