[
    {
        "type": "message",
        "subtype": "file_share",
        "text": "<@U0UGH3X7X|tuand> uploaded a file: <https:\/\/hyperledgerproject.slack.com\/files\/tuand\/F1C11QEKV\/-.txt|Untitled> and commented: getting this error doing `make unit-test` ?   I'm running with my changes on top of <https:\/\/github.com\/hyperledger\/fabric\/commit\/f364dc027e3aac99dc7e19dfa435d6f794db2d03>",
        "file": {
            "id": "F1C11QEKV",
            "created": 1464283325,
            "timestamp": 1464283325,
            "name": "-.txt",
            "title": "Untitled",
            "mimetype": "text\/plain",
            "filetype": "text",
            "pretty_type": "Plain Text",
            "user": "U0UGH3X7X",
            "editable": true,
            "size": 585,
            "mode": "snippet",
            "is_external": false,
            "external_type": "",
            "is_public": true,
            "public_url_shared": false,
            "display_as_bot": false,
            "username": "",
            "url_private": "https:\/\/files.slack.com\/files-pri\/T0J024XGA-F1C11QEKV\/-.txt?t=xoxe-18002167554-139099126023-137701436192-e599afc92e",
            "url_private_download": "https:\/\/files.slack.com\/files-pri\/T0J024XGA-F1C11QEKV\/download\/-.txt?t=xoxe-18002167554-139099126023-137701436192-e599afc92e",
            "permalink": "https:\/\/hyperledgerproject.slack.com\/files\/tuand\/F1C11QEKV\/-.txt",
            "permalink_public": "https:\/\/slack-files.com\/T0J024XGA-F1C11QEKV-06ad8b661a",
            "edit_link": "https:\/\/hyperledgerproject.slack.com\/files\/tuand\/F1C11QEKV\/-.txt\/edit",
            "preview": "ok  \tgithub.com\/hyperledger\/fabric\/core\/chaincode\t317.707s\r\n?   \tgithub.com\/hyperledger\/fabric\/core\/chaincode\/platforms\t[no test files]\r\n?   \tgithub.com\/hyperledger\/fabric\/core\/chaincode\/platforms\/car\t[no test files]\r\n2016\/05\/26 12:07:14 setting Number of procs to -1, was 2\r\n--- FAIL: TestCar_BuildImage (0.01s)\r",
            "preview_highlight": "<div class=\"CodeMirror cm-s-default CodeMirrorServer\" oncopy=\"if(event.clipboardData){event.clipboardData.setData('text\/plain',window.getSelection().toString().replace(\/\\u200b\/g,''));event.preventDefault();event.stopPropagation();}\">\n<div class=\"CodeMirror-code\">\n<div><pre>ok      github.com\/hyperledger\/fabric\/core\/chaincode    317.707s<\/pre><\/div>\n<div><pre>?       github.com\/hyperledger\/fabric\/core\/chaincode\/platforms  [no test files]<\/pre><\/div>\n<div><pre>?       github.com\/hyperledger\/fabric\/core\/chaincode\/platforms\/car  [no test files]<\/pre><\/div>\n<div><pre>2016\/05\/26 12:07:14 setting Number of procs to -1, was 2<\/pre><\/div>\n<div><pre>--- FAIL: TestCar_BuildImage (0.01s)<\/pre><\/div>\n<div><pre><\/pre><\/div>\n<\/div>\n<\/div>\n",
            "lines": 9,
            "lines_more": 4,
            "preview_is_truncated": false,
            "channels": [
                "C0YQ1NHGD"
            ],
            "groups": [],
            "ims": [],
            "comments_count": 1,
            "initial_comment": {
                "id": "Fc1C2TL49Y",
                "created": 1464283325,
                "timestamp": 1464283325,
                "user": "U0UGH3X7X",
                "is_intro": true,
                "comment": "getting this error doing `make unit-test` ?   I'm running with my changes on top of <https:\/\/github.com\/hyperledger\/fabric\/commit\/f364dc027e3aac99dc7e19dfa435d6f794db2d03>",
                "channel": ""
            }
        },
        "user": "U0UGH3X7X",
        "upload": true,
        "display_as_bot": false,
        "username": "<@U0UGH3X7X|tuand>",
        "bot_id": null,
        "ts": "1464283326.001585"
    },
    {
        "type": "message",
        "user": "U0KPFAZNF",
        "text": "<@U0UGH3X7X>: are you in vagrant or something else",
        "ts": "1464284917.001588"
    },
    {
        "type": "message",
        "user": "U0KPFAZNF",
        "text": "?",
        "ts": "1464284919.001589"
    },
    {
        "type": "message",
        "user": "U0UGH3X7X",
        "text": "in vagrant",
        "ts": "1464284936.001590"
    },
    {
        "type": "message",
        "user": "U0KPFAZNF",
        "text": "ok, I _think_ I know whats wrong",
        "ts": "1464284946.001591"
    },
    {
        "type": "message",
        "user": "U0KPFAZNF",
        "text": "work-around, do \u201cmake gotools unit-test\"",
        "ts": "1464284968.001592"
    },
    {
        "type": "message",
        "user": "U0KPFAZNF",
        "text": "I suspect you did a \u201cmake clean\u201d prior to running the unit-test, I think there is a bug in the makefile that doesnt properly rebuild the protoc-gen-go tool",
        "ts": "1464285010.001593"
    },
    {
        "type": "message",
        "user": "U0KPFAZNF",
        "text": "will fix",
        "ts": "1464285013.001594"
    },
    {
        "type": "message",
        "user": "U0UGH3X7X",
        "text": "i did do a make clean beforehand :slightly_smiling_face:   will try your suggestion",
        "ts": "1464285044.001595"
    },
    {
        "type": "message",
        "user": "U0KPFAZNF",
        "text": "(to be clear, you did nothing wrong, there is a bug)",
        "ts": "1464285047.001596"
    },
    {
        "type": "message",
        "user": "U0KPFAZNF",
        "text": "ok, cool, this makes sense to me and I know what is wrong, thanks",
        "ts": "1464285111.001597"
    },
    {
        "type": "message",
        "user": "U0UGH3X7X",
        "text": "`make gotools unit-test` works. Thanks <@U0KPFAZNF>",
        "ts": "1464285773.001598"
    },
    {
        "user": "U1BLB3EFQ",
        "type": "message",
        "subtype": "channel_join",
        "text": "<@U1BLB3EFQ|bc> has joined the channel",
        "ts": "1464299412.001599"
    }
]